# JRE version: OpenJDK Runtime Environment Temurin-21.0.3+9 (21.0.3+9) (build 21.0.3+9-LTS)
# Java VM: OpenJDK 64-Bit Server VM Temurin-21.0.3+9 (21.0.3+9-LTS, mixed mode, emulated-client, tiered, compressed oops, compressed class ptrs, g1 gc, windows-amd64)
GC Precious Log:
 CardTable entry size: 512
 Card Set container configuration: InlinePtr #cards 4 size 8 Array Of Cards #cards 32 size 80 Howl #buckets 8 coarsen threshold 7372 Howl Bitmap #cards 1024 size 144 coarsen threshold 921 Card regions per heap region 1 cards per card region 8192
 CPUs: 12 total, 12 available
 Memory: 24259M
 Large Page Support: Disabled
 NUMA Support: Disabled
 Compressed Oops: Enabled (Zero based)
 Heap Region Size: 4M
 Heap Min Capacity: 8M
 Heap Initial Capacity: 380M
 Heap Max Capacity: 6068M
 Pre-touch: Disabled
 Parallel Workers: 10
 Concurrent Workers: 3
 Concurrent Refinement Workers: 10
 Periodic GC: Disabled
Heap:
 garbage-first heap   total 135168K, used 77177K [0x0000000684c00000, 0x0000000800000000)
  region size 4096K, 13 young (53248K), 2 survivors (8192K)
 Metaspace       used 88647K, committed 89536K, reserved 1179648K
  class space    used 11738K, committed 12160K, reserved 1048576K
GC Heap History (20 events):
Event: 4.797 GC heap before
{Heap before GC invocations=16 (full 0):
 garbage-first heap   total 110592K, used 84299K [0x0000000684c00000, 0x0000000800000000)
  region size 4096K, 16 young (65536K), 2 survivors (8192K)
 Metaspace       used 75925K, committed 76544K, reserved 1179648K
  class space    used 9835K, committed 10112K, reserved 1048576K
}
Event: 4.802 GC heap after
{Heap after GC invocations=17 (full 0):
 garbage-first heap   total 110592K, used 28798K [0x0000000684c00000, 0x0000000800000000)
  region size 4096K, 1 young (4096K), 1 survivors (4096K)
 Metaspace       used 75925K, committed 76544K, reserved 1179648K
  class space    used 9835K, committed 10112K, reserved 1048576K
}
Event: 5.172 GC heap before
{Heap before GC invocations=17 (full 0):
 garbage-first heap   total 110592K, used 90238K [0x0000000684c00000, 0x0000000800000000)
  region size 4096K, 16 young (65536K), 1 survivors (4096K)
 Metaspace       used 80397K, committed 81152K, reserved 1179648K
  class space    used 10535K, committed 10880K, reserved 1048576K
}
Event: 5.178 GC heap after
{Heap after GC invocations=18 (full 0):
 garbage-first heap   total 135168K, used 32044K [0x0000000684c00000, 0x0000000800000000)
  region size 4096K, 2 young (8192K), 2 survivors (8192K)
 Metaspace       used 80397K, committed 81152K, reserved 1179648K
  class space    used 10535K, committed 10880K, reserved 1048576K
}
Event: 12.182 GC heap before
{Heap before GC invocations=18 (full 0):
 garbage-first heap   total 135168K, used 97580K [0x0000000684c00000, 0x0000000800000000)
  region size 4096K, 19 young (77824K), 2 survivors (8192K)
 Metaspace       used 84120K, committed 84992K, reserved 1179648K
  class space    used 11074K, committed 11456K, reserved 1048576K
}
Event: 12.190 GC heap after
{Heap after GC invocations=19 (full 0):
 garbage-first heap   total 135168K, used 35179K [0x0000000684c00000, 0x0000000800000000)
  region size 4096K, 3 young (12288K), 3 survivors (12288K)
 Metaspace       used 84120K, committed 84992K, reserved 1179648K
  class space    used 11074K, committed 11456K, reserved 1048576K
}
Event: 24.382 GC heap before
{Heap before GC invocations=19 (full 0):
 garbage-first heap   total 135168K, used 96619K [0x0000000684c00000, 0x0000000800000000)
  region size 4096K, 19 young (77824K), 3 survivors (12288K)
 Metaspace       used 88255K, committed 89152K, reserved 1179648K
  class space    used 11680K, committed 12096K, reserved 1048576K
}
Event: 24.392 GC heap after
{Heap after GC invocations=20 (full 0):
 garbage-first heap   total 135168K, used 36610K [0x0000000684c00000, 0x0000000800000000)
  region size 4096K, 2 young (8192K), 2 survivors (8192K)
 Metaspace       used 88255K, committed 89152K, reserved 1179648K
  class space    used 11680K, committed 12096K, reserved 1048576K
}
Event: 56.930 GC heap before
{Heap before GC invocations=20 (full 0):
 garbage-first heap   total 135168K, used 106242K [0x0000000684c00000, 0x0000000800000000)
  region size 4096K, 19 young (77824K), 2 survivors (8192K)
 Metaspace       used 88595K, committed 89472K, reserved 1179648K
  class space    used 11731K, committed 12160K, reserved 1048576K
}
Event: 56.939 GC heap after
{Heap after GC invocations=21 (full 0):
 garbage-first heap   total 135168K, used 36730K [0x0000000684c00000, 0x0000000800000000)
  region size 4096K, 2 young (8192K), 2 survivors (8192K)
 Metaspace       used 88595K, committed 89472K, reserved 1179648K
  class space    used 11731K, committed 12160K, reserved 1048576K
}
Event: 91.348 GC heap before
{Heap before GC invocations=21 (full 0):
 garbage-first heap   total 135168K, used 106362K [0x0000000684c00000, 0x0000000800000000)
  region size 4096K, 19 young (77824K), 2 survivors (8192K)
 Metaspace       used 88597K, committed 89472K, reserved 1179648K
  class space    used 11731K, committed 12160K, reserved 1048576K
}
Event: 91.353 GC heap after
{Heap after GC invocations=22 (full 0):
 garbage-first heap   total 135168K, used 36112K [0x0000000684c00000, 0x0000000800000000)
  region size 4096K, 2 young (8192K), 2 survivors (8192K)
 Metaspace       used 88597K, committed 89472K, reserved 1179648K
  class space    used 11731K, committed 12160K, reserved 1048576K
}
Event: 125.931 GC heap before
{Heap before GC invocations=22 (full 0):
 garbage-first heap   total 135168K, used 105744K [0x0000000684c00000, 0x0000000800000000)
  region size 4096K, 19 young (77824K), 2 survivors (8192K)
 Metaspace       used 88598K, committed 89472K, reserved 1179648K
  class space    used 11731K, committed 12160K, reserved 1048576K
}
Event: 125.938 GC heap after
{Heap after GC invocations=23 (full 0):
 garbage-first heap   total 135168K, used 36754K [0x0000000684c00000, 0x0000000800000000)
  region size 4096K, 2 young (8192K), 2 survivors (8192K)
 Metaspace       used 88598K, committed 89472K, reserved 1179648K
  class space    used 11731K, committed 12160K, reserved 1048576K
}
Event: 161.976 GC heap before
{Heap before GC invocations=23 (full 0):
 garbage-first heap   total 135168K, used 106386K [0x0000000684c00000, 0x0000000800000000)
  region size 4096K, 19 young (77824K), 2 survivors (8192K)
 Metaspace       used 88598K, committed 89472K, reserved 1179648K
  class space    used 11731K, committed 12160K, reserved 1048576K
}
Event: 161.983 GC heap after
{Heap after GC invocations=24 (full 0):
 garbage-first heap   total 135168K, used 35624K [0x0000000684c00000, 0x0000000800000000)
  region size 4096K, 1 young (4096K), 1 survivors (4096K)
 Metaspace       used 88598K, committed 89472K, reserved 1179648K
  class space    used 11731K, committed 12160K, reserved 1048576K
}
Event: 199.564 GC heap before
{Heap before GC invocations=24 (full 0):
 garbage-first heap   total 135168K, used 109352K [0x0000000684c00000, 0x0000000800000000)
  region size 4096K, 19 young (77824K), 1 survivors (4096K)
 Metaspace       used 88598K, committed 89472K, reserved 1179648K
  class space    used 11731K, committed 12160K, reserved 1048576K
}
Event: 199.570 GC heap after
{Heap after GC invocations=25 (full 0):
 garbage-first heap   total 135168K, used 35624K [0x0000000684c00000, 0x0000000800000000)
  region size 4096K, 1 young (4096K), 1 survivors (4096K)
 Metaspace       used 88598K, committed 89472K, reserved 1179648K
  class space    used 11731K, committed 12160K, reserved 1048576K
}
Event: 233.925 GC heap before
{Heap before GC invocations=25 (full 0):
 garbage-first heap   total 135168K, used 109352K [0x0000000684c00000, 0x0000000800000000)
  region size 4096K, 19 young (77824K), 1 survivors (4096K)
 Metaspace       used 88647K, committed 89536K, reserved 1179648K
  class space    used 11738K, committed 12160K, reserved 1048576K
}
Event: 233.931 GC heap after
{Heap after GC invocations=26 (full 0):
 garbage-first heap   total 135168K, used 36217K [0x0000000684c00000, 0x0000000800000000)
  region size 4096K, 2 young (8192K), 2 survivors (8192K)
 Metaspace       used 88647K, committed 89536K, reserved 1179648K
  class space    used 11738K, committed 12160K, reserved 1048576K
}

